#
# There is insufficient memory for the Java Runtime Environment to continue.
# Native memory allocation (mmap) failed to map 268435456 bytes for Failed to commit area from 0x0000000701e00000 to 0x0000000711e00000 of length 268435456.
# Possible reasons:
#   The system is out of physical RAM or swap space
#   The process is running with CompressedOops enabled, and the Java Heap may be blocking the growth of the native heap
# Possible solutions:
#   Reduce memory load on the system
#   Increase physical memory or swap space
#   Check if swap backing store is full
#   Decrease Java heap size (-Xmx/-Xms)
#   Decrease number of Java threads
#   Decrease Java thread stack sizes (-Xss)
#   Set larger code cache with -XX:ReservedCodeCacheSize=
# This output file may be truncated or incomplete.
#
#  Out of Memory Error (c:/BuildAgent/work/5ff2f6c26000d570/src/hotspot/os/windows/os_windows.cpp:3281), pid=11868, tid=24236
#
# JRE version:  (11.0.4+10) (build )
# Java VM: OpenJDK 64-Bit Server VM (11.0.4+10-b304.77, mixed mode, aot, sharing, tiered, compressed oops, g1 gc, windows-amd64)
# No core dump will be written. Minidumps are not enabled by default on client versions of Windows
#

---------------  S U M M A R Y ------------

Command Line: org.jetbrains.git4idea.http.GitAskPassApp Username for 'https://github.com': 

Host: Intel(R) Core(TM) i5-8250U CPU @ 1.60GHz, 8 cores, 15G,  Windows 10 , 64 bit Build 18362 (10.0.18362.329)
Time: Sat Mar 21 21:04:21 2020 FLE Standard Time elapsed time: 0 seconds (0d 0h 0m 0s)

---------------  T H R E A D  ---------------

Current thread (0x0000014dc3e54000):  JavaThread "Unknown thread" [_thread_in_vm, id=24236, stack(0x0000003a69000000,0x0000003a69100000)]

Stack: [0x0000003a69000000,0x0000003a69100000]
Native frames: (J=compiled Java code, j=interpreted, Vv=VM code, C=native code)
V  [jvm.dll+0x5db31a]
V  [jvm.dll+0x70c395]
V  [jvm.dll+0x70d8b8]
V  [jvm.dll+0x70df83]
V  [jvm.dll+0x23dbb8]
V  [jvm.dll+0x5d8a74]
V  [jvm.dll+0x5cdb05]
V  [jvm.dll+0x2fa5bb]
V  [jvm.dll+0x2fa52a]
V  [jvm.dll+0x2fa402]
V  [jvm.dll+0x2ff2c6]
V  [jvm.dll+0x347893]
V  [jvm.dll+0x347f96]
V  [jvm.dll+0x347993]
V  [jvm.dll+0x2d4e28]
V  [jvm.dll+0x2d5fd7]
V  [jvm.dll+0x6eb717]
V  [jvm.dll+0x6ecf0c]
V  [jvm.dll+0x354fb9]
V  [jvm.dll+0x6d35be]
V  [jvm.dll+0x3bd673]
V  [jvm.dll+0x3bf9f1]
C  [java.exe+0x3763]
C  [java.exe+0x17a0c]
C  [KERNEL32.DLL+0x17bd4]
C  [ntdll.dll+0x6ced1]


---------------  P R O C E S S  ---------------

Threads class SMR info:
_java_thread_list=0x0000014dc25b4d10, length=0, elements={
}

Java Threads: ( => current thread )

Other Threads:
  0x0000014dc3e6b800 GCTaskThread "GC Thread#0" [stack: 0x0000003a69100000,0x0000003a69200000] [id=27148]
  0x0000014dc3ec9800 ConcurrentGCThread "G1 Main Marker" [stack: 0x0000003a69200000,0x0000003a69300000] [id=23860]
  0x0000014dc3ecb800 ConcurrentGCThread "G1 Conc#0" [stack: 0x0000003a69300000,0x0000003a69400000] [id=23020]

[error occurred during error reporting (printing all threads), id 0xc0000005, EXCEPTION_ACCESS_VIOLATION (0xc0000005) at pc=0x00007ffa42e65727]

VM state:not at safepoint (not fully initialized)

VM Mutex/Monitor currently owned by a thread:  ([mutex/lock_event])
[0x0000014dc3e4fc50] Heap_lock - owner thread: 0x0000014dc3e54000

Heap address: 0x0000000701e00000, size: 4066 MB, Compressed Oops mode: Non-zero based: 0x0000000701e00000
Narrow klass base: 0x0000000000000000, Narrow klass shift: 0

GC Heap History (0 events):
No events

Deoptimization events (0 events):
No events

Classes redefined (0 events):
No events

Internal exceptions (0 events):
No events

Events (0 events):
No events


Dynamic libraries:
0x00007ff7cddb0000 - 0x00007ff7cddf7000 	C:\Program Files\JetBrains\WebStorm 2019.2.3\jbr\bin\java.exe
0x00007ffa84460000 - 0x00007ffa84650000 	C:\WINDOWS\SYSTEM32\ntdll.dll
0x00007ffa82730000 - 0x00007ffa827e2000 	C:\WINDOWS\System32\KERNEL32.DLL
0x00007ffa81440000 - 0x00007ffa816e3000 	C:\WINDOWS\System32\KERNELBASE.dll
0x00007ffa82ac0000 - 0x00007ffa82c54000 	C:\WINDOWS\System32\USER32.dll
0x00007ffa824e0000 - 0x00007ffa82501000 	C:\WINDOWS\System32\win32u.dll
0x00007ffa84010000 - 0x00007ffa84036000 	C:\WINDOWS\System32\GDI32.dll
0x00007ffa822a0000 - 0x00007ffa82434000 	C:\WINDOWS\System32\gdi32full.dll
0x00007ffa82170000 - 0x00007ffa8220e000 	C:\WINDOWS\System32\msvcp_win.dll
0x00007ffa816f0000 - 0x00007ffa817ea000 	C:\WINDOWS\System32\ucrtbase.dll
0x00007ffa75080000 - 0x00007ffa75305000 	C:\WINDOWS\WinSxS\amd64_microsoft.windows.common-controls_6595b64144ccf1df_6.0.18362.720_none_e6beb5c51314836b\COMCTL32.dll
0x00007ffa82ed0000 - 0x00007ffa82f6e000 	C:\WINDOWS\System32\msvcrt.dll
0x00007ffa840e0000 - 0x00007ffa84416000 	C:\WINDOWS\System32\combase.dll
0x00007ffa827f0000 - 0x00007ffa82910000 	C:\WINDOWS\System32\RPCRT4.dll
0x00007ffa82440000 - 0x00007ffa824c0000 	C:\WINDOWS\System32\bcryptPrimitives.dll
0x00007ffa83e40000 - 0x00007ffa83e6e000 	C:\WINDOWS\System32\IMM32.DLL
0x00007ffa6c700000 - 0x00007ffa6c717000 	C:\Program Files\JetBrains\WebStorm 2019.2.3\jbr\bin\vcruntime140.dll
0x00007ffa51840000 - 0x00007ffa518dd000 	C:\Program Files\JetBrains\WebStorm 2019.2.3\jbr\bin\msvcp140.dll
0x00007ffa42b80000 - 0x00007ffa43638000 	C:\Program Files\JetBrains\WebStorm 2019.2.3\jbr\bin\server\jvm.dll
0x00007ffa83630000 - 0x00007ffa836d3000 	C:\WINDOWS\System32\ADVAPI32.dll
0x00007ffa84040000 - 0x00007ffa840d7000 	C:\WINDOWS\System32\sechost.dll
0x00007ffa82a00000 - 0x00007ffa82a08000 	C:\WINDOWS\System32\PSAPI.DLL
0x00007ffa76910000 - 0x00007ffa76919000 	C:\WINDOWS\SYSTEM32\WSOCK32.dll
0x00007ffa78860000 - 0x00007ffa78884000 	C:\WINDOWS\SYSTEM32\WINMM.dll
0x00007ffa765e0000 - 0x00007ffa765ea000 	C:\WINDOWS\SYSTEM32\VERSION.dll
0x00007ffa82f70000 - 0x00007ffa82fdf000 	C:\WINDOWS\System32\WS2_32.dll
0x00007ffa77d90000 - 0x00007ffa77dbd000 	C:\WINDOWS\SYSTEM32\WINMMBASE.dll
0x00007ffa813f0000 - 0x00007ffa8143a000 	C:\WINDOWS\System32\cfgmgr32.dll
0x00007ffa81330000 - 0x00007ffa81341000 	C:\WINDOWS\System32\kernel.appcore.dll
0x00007ffa7bcb0000 - 0x00007ffa7bcc1000 	C:\Program Files\JetBrains\WebStorm 2019.2.3\jbr\bin\verify.dll
0x00007ffa7fc30000 - 0x00007ffa7fe24000 	C:\WINDOWS\SYSTEM32\DBGHELP.DLL
0x00007ffa7a260000 - 0x00007ffa7a28a000 	C:\WINDOWS\SYSTEM32\dbgcore.DLL
0x00007ffa7aac0000 - 0x00007ffa7aae9000 	C:\Program Files\JetBrains\WebStorm 2019.2.3\jbr\bin\java.dll
0x00007ffa7ae20000 - 0x00007ffa7ae37000 	C:\Program Files\JetBrains\WebStorm 2019.2.3\jbr\bin\zip.dll
0x00007ffa7bca0000 - 0x00007ffa7bcab000 	C:\Program Files\JetBrains\WebStorm 2019.2.3\jbr\bin\jimage.dll

dbghelp: loaded successfully - version: 4.0.5 - missing functions: none
symbol engine: initialized successfully - sym options: 0x614 - pdb path: .;C:\Program Files\JetBrains\WebStorm 2019.2.3\jbr\bin;C:\WINDOWS\SYSTEM32;C:\WINDOWS\WinSxS\amd64_microsoft.windows.common-controls_6595b64144ccf1df_6.0.18362.720_none_e6beb5c51314836b;C:\Program Files\JetBrains\WebStorm 2019.2.3\jbr\bin\server

VM Arguments:
java_command: org.jetbrains.git4idea.http.GitAskPassApp Username for 'https://github.com': 
java_class_path (initial): C:/Program Files/JetBrains/WebStorm 2019.2.3/plugins/git4idea/lib/git4idea-rt.jar;C:/Program Files/JetBrains/WebStorm 2019.2.3/lib/xmlrpc-2.0.1.jar;C:/Program Files/JetBrains/WebStorm 2019.2.3/lib/commons-codec-1.13.jar;C:/Program Files/JetBrains/WebStorm 2019.2.3/lib/util.jar
Launcher Type: SUN_STANDARD

[Global flags]
     intx CICompilerCount                          = 4                                         {product} {ergonomic}
     uint ConcGCThreads                            = 2                                         {product} {ergonomic}
     uint G1ConcRefinementThreads                  = 8                                         {product} {ergonomic}
   size_t G1HeapRegionSize                         = 1048576                                   {product} {ergonomic}
    uintx GCDrainStackTargetSize                   = 64                                        {product} {ergonomic}
   size_t InitialHeapSize                          = 268435456                                 {product} {ergonomic}
   size_t MarkStackSize                            = 4194304                                   {product} {ergonomic}
   size_t MaxHeapSize                              = 4263510016                                {product} {ergonomic}
   size_t MinHeapDeltaBytes                        = 1048576                                   {product} {ergonomic}
    uintx NonNMethodCodeHeapSize                   = 5835340                                {pd product} {ergonomic}
    uintx NonProfiledCodeHeapSize                  = 122911450                              {pd product} {ergonomic}
    uintx ProfiledCodeHeapSize                     = 122911450                              {pd product} {ergonomic}
    uintx ReservedCodeCacheSize                    = 251658240                              {pd product} {ergonomic}
     bool SegmentedCodeCache                       = true                                      {product} {ergonomic}
     bool UseCompressedClassPointers               = true                                 {lp64_product} {ergonomic}
     bool UseCompressedOops                        = true                                 {lp64_product} {ergonomic}
     bool UseG1GC                                  = true                                      {product} {ergonomic}
     bool UseLargePagesIndividualAllocation        = false                                  {pd product} {ergonomic}

Logging:
Log output configuration:
 #0: stdout all=warning uptime,level,tags
 #1: stderr all=off uptime,level,tags

Environment Variables:
PATH=C:\Program Files\Git\mingw64\libexec\git-core;C:\Program Files\Git\mingw64\libexec\git-core;C:\Program Files\Git\mingw64\bin;C:\Program Files\Git\usr\bin;C:\Users\mmvli\bin;C:\Windows\system32;C:\Windows;C:\Windows\System32\Wbem;C:\Windows\System32\WindowsPowerShell\v1.0;C:\Program Files (x86)\NVIDIA Corporation\PhysX\Common;C:\WINDOWS\system32;C:\WINDOWS;C:\WINDOWS\System32\Wbem;C:\WINDOWS\System32\WindowsPowerShell\v1.0;C:\WINDOWS\System32\OpenSSH;C:\Program Files (x86)\Intel\Intel(R) Management Engine Components\DAL;C:\Program Files\Intel\Intel(R) Management Engine Components\DAL;C:\Program Files\nodejs;C:\Program Files\Git\cmd;C:\Program Files\MySQL\MySQL Shell 8.0\bin;C:\Users\mmvli\AppData\Local\Microsoft\WindowsApps;C:\Users\mmvli\AppData\Local\Programs\Microsoft VS Code\bin;C:\Users\mmvli\AppData\Roaming\npm
USERNAME=mmvli
DISPLAY=:0.0
OS=Windows_NT
PROCESSOR_IDENTIFIER=Intel64 Family 6 Model 142 Stepping 10, GenuineIntel



---------------  S Y S T E M  ---------------

OS: Windows 10 , 64 bit Build 18362 (10.0.18362.329)

CPU:total 8 (initial active 8) (4 cores per cpu, 2 threads per core) family 6 model 142 stepping 10, cmov, cx8, fxsr, mmx, sse, sse2, sse3, ssse3, sse4.1, sse4.2, popcnt, avx, avx2, aes, clmul, erms, 3dnowpref, lzcnt, ht, tsc, tscinvbit, bmi1, bmi2, adx, fma

Memory: 4k page, system-wide physical 16261M (3214M free)
TotalPageFile size 16261M (AvailPageFile size 21M)
current process WorkingSet (physical memory assigned to process): 10M, peak: 10M
current process commit charge ("private bytes"): 60M, peak: 316M

vm_info: OpenJDK 64-Bit Server VM (11.0.4+10-b304.77) for windows-amd64 JRE (11.0.4+10-b304.77), built on Oct 10 2019 15:02:36 by "" with MS VC++ 14.0 (VS2015)

END.
